{"numTotalTestSuites":178,"numPassedTestSuites":178,"numFailedTestSuites":0,"numPendingTestSuites":0,"numTotalTests":535,"numPassedTests":521,"numFailedTests":0,"numPendingTests":14,"numTodoTests":0,"snapshot":{"added":0,"failure":false,"filesAdded":0,"filesRemoved":0,"filesRemovedList":[],"filesUnmatched":0,"filesUpdated":0,"matched":0,"total":0,"unchecked":0,"uncheckedKeysByFile":[],"unmatched":0,"updated":0,"didUpdate":false},"startTime":1761486224687,"success":true,"testResults":[{"assertionResults":[{"ancestorTitles":["AuditDashboard"],"fullName":"AuditDashboard renders header and basic structure","status":"passed","title":"renders header and basic structure","duration":171.92479999997886,"failureMessages":[],"meta":{}}],"startTime":1761486576544,"endTime":1761486576715.9248,"status":"passed","message":"","name":"D:/react/React-App-000739/Prompt-Library/frontend/src/components/audit/AuditDashboard.test.tsx"},{"assertionResults":[{"ancestorTitles":["BetaApplicationForm"],"fullName":"BetaApplicationForm renders and validates required fields","status":"passed","title":"renders and validates required fields","duration":108.87549999996554,"failureMessages":[],"meta":{}},{"ancestorTitles":["BetaApplicationForm"],"fullName":"BetaApplicationForm submits successfully when valid","status":"passed","title":"submits successfully when valid","duration":162.77109999995446,"failureMessages":[],"meta":{}}],"startTime":1761486570256,"endTime":1761486570527.771,"status":"passed","message":"","name":"D:/react/React-App-000739/Prompt-Library/frontend/src/components/beta/BetaApplicationForm.test.tsx"},{"assertionResults":[{"ancestorTitles":["HelpArticleView","Rendering"],"fullName":"HelpArticleView Rendering should render article title","status":"passed","title":"should render article title","duration":557.2874000000011,"failureMessages":[],"meta":{}},{"ancestorTitles":["HelpArticleView","Rendering"],"fullName":"HelpArticleView Rendering should render article metadata","status":"passed","title":"should render article metadata","duration":271.84249999999884,"failureMessages":[],"meta":{}},{"ancestorTitles":["HelpArticleView","Rendering"],"fullName":"HelpArticleView Rendering should render article content","status":"passed","title":"should render article content","duration":246.77049999998417,"failureMessages":[],"meta":{}},{"ancestorTitles":["HelpArticleView","Rendering"],"fullName":"HelpArticleView Rendering should render tags","status":"passed","title":"should render tags","duration":338.9753999999957,"failureMessages":[],"meta":{}},{"ancestorTitles":["HelpArticleView","Rendering"],"fullName":"HelpArticleView Rendering should render breadcrumbs","status":"passed","title":"should render breadcrumbs","duration":188.51579999999376,"failureMessages":[],"meta":{}},{"ancestorTitles":["HelpArticleView","Code Blocks"],"fullName":"HelpArticleView Code Blocks should render code blocks with copy button","status":"passed","title":"should render code blocks with copy button","duration":182.73260000001756,"failureMessages":[],"meta":{}},{"ancestorTitles":["HelpArticleView","Code Blocks"],"fullName":"HelpArticleView Code Blocks should copy code to clipboard when copy button clicked","status":"passed","title":"should copy code to clipboard when copy button clicked","duration":256.7756999999983,"failureMessages":[],"meta":{}},{"ancestorTitles":["HelpArticleView","Callouts"],"fullName":"HelpArticleView Callouts should render note callout","status":"passed","title":"should render note callout","duration":191.47140000000945,"failureMessages":[],"meta":{}},{"ancestorTitles":["HelpArticleView","Callouts"],"fullName":"HelpArticleView Callouts should render tip callout","status":"passed","title":"should render tip callout","duration":249.4307999999728,"failureMessages":[],"meta":{}},{"ancestorTitles":["HelpArticleView","Callouts"],"fullName":"HelpArticleView Callouts should render callouts with correct styling","status":"passed","title":"should render callouts with correct styling","duration":199.94169999999576,"failureMessages":[],"meta":{}},{"ancestorTitles":["HelpArticleView","Related Articles"],"fullName":"HelpArticleView Related Articles should render related articles section","status":"passed","title":"should render related articles section","duration":186.33299999998417,"failureMessages":[],"meta":{}},{"ancestorTitles":["HelpArticleView","Related Articles"],"fullName":"HelpArticleView Related Articles should render related article titles","status":"passed","title":"should render related article titles","duration":194.97279999998864,"failureMessages":[],"meta":{}},{"ancestorTitles":["HelpArticleView","FAQs"],"fullName":"HelpArticleView FAQs should render FAQ section","status":"passed","title":"should render FAQ section","duration":151.86720000000787,"failureMessages":[],"meta":{}},{"ancestorTitles":["HelpArticleView","FAQs"],"fullName":"HelpArticleView FAQs should render FAQ question","status":"passed","title":"should render FAQ question","duration":193.33150000000023,"failureMessages":[],"meta":{}},{"ancestorTitles":["HelpArticleView","FAQs"],"fullName":"HelpArticleView FAQs should expand FAQ on click","status":"passed","title":"should expand FAQ on click","duration":233.82029999999213,"failureMessages":[],"meta":{}},{"ancestorTitles":["HelpArticleView","Feedback Widget"],"fullName":"HelpArticleView Feedback Widget should render feedback widget","status":"passed","title":"should render feedback widget","duration":204.82640000001993,"failureMessages":[],"meta":{}},{"ancestorTitles":["HelpArticleView","Feedback Widget"],"fullName":"HelpArticleView Feedback Widget should have thumbs up and thumbs down buttons","status":"passed","title":"should have thumbs up and thumbs down buttons","duration":232.62450000000536,"failureMessages":[],"meta":{}},{"ancestorTitles":["HelpArticleView","Table of Contents"],"fullName":"HelpArticleView Table of Contents should render table of contents","status":"passed","title":"should render table of contents","duration":268.70100000000093,"failureMessages":[],"meta":{}},{"ancestorTitles":["HelpArticleView","Table of Contents"],"fullName":"HelpArticleView Table of Contents should list article sections","status":"passed","title":"should list article sections","duration":251.3296000000264,"failureMessages":[],"meta":{}},{"ancestorTitles":["HelpArticleView","Accessibility"],"fullName":"HelpArticleView Accessibility should have proper heading hierarchy","status":"passed","title":"should have proper heading hierarchy","duration":243.9429999999993,"failureMessages":[],"meta":{}},{"ancestorTitles":["HelpArticleView","Accessibility"],"fullName":"HelpArticleView Accessibility should have accessible links","status":"passed","title":"should have accessible links","duration":377.0881999999983,"failureMessages":[],"meta":{}}],"startTime":1761486405064,"endTime":1761486410291.0881,"status":"passed","message":"","name":"D:/react/React-App-000739/Prompt-Library/frontend/src/components/help/HelpArticleView.test.tsx"},{"assertionResults":[{"ancestorTitles":["Help Center Accessibility","HelpCenterV2"],"fullName":"Help Center Accessibility HelpCenterV2 should not have accessibility violations","status":"passed","title":"should not have accessibility violations","duration":997.3055999999924,"failureMessages":[],"meta":{}},{"ancestorTitles":["Help Center Accessibility","HelpCenterV2"],"fullName":"Help Center Accessibility HelpCenterV2 should have proper heading hierarchy","status":"passed","title":"should have proper heading hierarchy","duration":191.45860000001267,"failureMessages":[],"meta":{}},{"ancestorTitles":["Help Center Accessibility","HelpCenterV2"],"fullName":"Help Center Accessibility HelpCenterV2 should have accessible search input","status":"passed","title":"should have accessible search input","duration":106.57889999999315,"failureMessages":[],"meta":{}},{"ancestorTitles":["Help Center Accessibility","HelpCenterV2"],"fullName":"Help Center Accessibility HelpCenterV2 should have accessible navigation links","status":"passed","title":"should have accessible navigation links","duration":137.6655000000028,"failureMessages":[],"meta":{}},{"ancestorTitles":["Help Center Accessibility","HelpCenterV2"],"fullName":"Help Center Accessibility HelpCenterV2 should have proper ARIA landmarks","status":"passed","title":"should have proper ARIA landmarks","duration":144.15049999998882,"failureMessages":[],"meta":{}},{"ancestorTitles":["Help Center Accessibility","HelpArticleView"],"fullName":"Help Center Accessibility HelpArticleView should not have accessibility violations","status":"passed","title":"should not have accessibility violations","duration":1048.9460000000254,"failureMessages":[],"meta":{}},{"ancestorTitles":["Help Center Accessibility","HelpArticleView"],"fullName":"Help Center Accessibility HelpArticleView should have proper heading hierarchy","status":"passed","title":"should have proper heading hierarchy","duration":162.95240000000922,"failureMessages":[],"meta":{}},{"ancestorTitles":["Help Center Accessibility","HelpArticleView"],"fullName":"Help Center Accessibility HelpArticleView should have accessible code blocks","status":"passed","title":"should have accessible code blocks","duration":143.64430000001448,"failureMessages":[],"meta":{}},{"ancestorTitles":["Help Center Accessibility","HelpArticleView"],"fullName":"Help Center Accessibility HelpArticleView should have accessible buttons","status":"passed","title":"should have accessible buttons","duration":170.3747999999905,"failureMessages":[],"meta":{}},{"ancestorTitles":["Help Center Accessibility","HelpArticleView"],"fullName":"Help Center Accessibility HelpArticleView should have accessible links","status":"passed","title":"should have accessible links","duration":156.34210000000894,"failureMessages":[],"meta":{}},{"ancestorTitles":["Help Center Accessibility","HelpArticleView"],"fullName":"Help Center Accessibility HelpArticleView should have proper color contrast","status":"passed","title":"should have proper color contrast","duration":1025.7333999999973,"failureMessages":[],"meta":{}},{"ancestorTitles":["Help Center Accessibility","Keyboard Navigation"],"fullName":"Help Center Accessibility Keyboard Navigation should have focusable interactive elements","status":"passed","title":"should have focusable interactive elements","duration":382.55549999998766,"failureMessages":[],"meta":{}},{"ancestorTitles":["Help Center Accessibility","Keyboard Navigation"],"fullName":"Help Center Accessibility Keyboard Navigation should have visible focus indicators","status":"passed","title":"should have visible focus indicators","duration":443.82279999999446,"failureMessages":[],"meta":{}},{"ancestorTitles":["Help Center Accessibility","Keyboard Navigation"],"fullName":"Help Center Accessibility Keyboard Navigation should have logical tab order","status":"passed","title":"should have logical tab order","duration":306.5768000000098,"failureMessages":[],"meta":{}},{"ancestorTitles":["Help Center Accessibility","Screen Reader Support"],"fullName":"Help Center Accessibility Screen Reader Support should have descriptive ARIA labels","status":"passed","title":"should have descriptive ARIA labels","duration":158.2216999999946,"failureMessages":[],"meta":{}},{"ancestorTitles":["Help Center Accessibility","Screen Reader Support"],"fullName":"Help Center Accessibility Screen Reader Support should have proper ARIA roles","status":"passed","title":"should have proper ARIA roles","duration":1856.951000000001,"failureMessages":[],"meta":{}},{"ancestorTitles":["Help Center Accessibility","Screen Reader Support"],"fullName":"Help Center Accessibility Screen Reader Support should have alt text for images","status":"passed","title":"should have alt text for images","duration":160.42029999999795,"failureMessages":[],"meta":{}},{"ancestorTitles":["Help Center Accessibility","Screen Reader Support"],"fullName":"Help Center Accessibility Screen Reader Support should have accessible form labels","status":"passed","title":"should have accessible form labels","duration":76.76879999999073,"failureMessages":[],"meta":{}},{"ancestorTitles":["Help Center Accessibility","Semantic HTML"],"fullName":"Help Center Accessibility Semantic HTML should use semantic HTML elements","status":"passed","title":"should use semantic HTML elements","duration":64.89749999999185,"failureMessages":[],"meta":{}},{"ancestorTitles":["Help Center Accessibility","Semantic HTML"],"fullName":"Help Center Accessibility Semantic HTML should have proper list structure","status":"passed","title":"should have proper list structure","duration":188.51600000000326,"failureMessages":[],"meta":{}},{"ancestorTitles":["Help Center Accessibility","Semantic HTML"],"fullName":"Help Center Accessibility Semantic HTML should use proper heading levels","status":"passed","title":"should use proper heading levels","duration":158.64509999999427,"failureMessages":[],"meta":{}},{"ancestorTitles":["Help Center Accessibility","Responsive Design Accessibility"],"fullName":"Help Center Accessibility Responsive Design Accessibility should not have horizontal scroll","status":"passed","title":"should not have horizontal scroll","duration":243.85509999998612,"failureMessages":[],"meta":{}},{"ancestorTitles":["Help Center Accessibility","Responsive Design Accessibility"],"fullName":"Help Center Accessibility Responsive Design Accessibility should have touch-friendly targets","status":"passed","title":"should have touch-friendly targets","duration":504.35659999999916,"failureMessages":[],"meta":{}}],"startTime":1761486439549,"endTime":1761486448386.3567,"status":"passed","message":"","name":"D:/react/React-App-000739/Prompt-Library/frontend/src/components/help/HelpCenter.a11y.test.tsx"},{"assertionResults":[{"ancestorTitles":["CodeBlock","Rendering"],"fullName":"CodeBlock Rendering should render code content","status":"passed","title":"should render code content","duration":181.65299999999115,"failureMessages":[],"meta":{}},{"ancestorTitles":["CodeBlock","Rendering"],"fullName":"CodeBlock Rendering should render with language label","status":"passed","title":"should render with language label","duration":191.721899999975,"failureMessages":[],"meta":{}},{"ancestorTitles":["CodeBlock","Rendering"],"fullName":"CodeBlock Rendering should render with custom title","status":"passed","title":"should render with custom title","duration":220.35620000000927,"failureMessages":[],"meta":{}},{"ancestorTitles":["CodeBlock","Rendering"],"fullName":"CodeBlock Rendering should render copy button","status":"passed","title":"should render copy button","duration":443.2955999999831,"failureMessages":[],"meta":{}},{"ancestorTitles":["CodeBlock","Rendering"],"fullName":"CodeBlock Rendering should render with line numbers when enabled","status":"passed","title":"should render with line numbers when enabled","duration":353.86590000000433,"failureMessages":[],"meta":{}},{"ancestorTitles":["CodeBlock","Rendering"],"fullName":"CodeBlock Rendering should apply custom className","status":"passed","title":"should apply custom className","duration":239.04759999999078,"failureMessages":[],"meta":{}},{"ancestorTitles":["CodeBlock","Copy Functionality"],"fullName":"CodeBlock Copy Functionality should copy code to clipboard when copy button clicked","status":"passed","title":"should copy code to clipboard when copy button clicked","duration":793.7736999999906,"failureMessages":[],"meta":{}},{"ancestorTitles":["CodeBlock","Copy Functionality"],"fullName":"CodeBlock Copy Functionality should show \"Copied!\" message after successful copy","status":"passed","title":"should show \"Copied!\" message after successful copy","duration":742.4131000000052,"failureMessages":[],"meta":{}},{"ancestorTitles":["CodeBlock","Copy Functionality"],"fullName":"CodeBlock Copy Functionality should reset \"Copied!\" message after 2 seconds","status":"passed","title":"should reset \"Copied!\" message after 2 seconds","duration":328.50010000000475,"failureMessages":[],"meta":{}},{"ancestorTitles":["CodeBlock","Copy Functionality"],"fullName":"CodeBlock Copy Functionality should handle clipboard API errors gracefully","status":"passed","title":"should handle clipboard API errors gracefully","duration":503.2846000000136,"failureMessages":[],"meta":{}},{"ancestorTitles":["CodeBlock","Language Detection"],"fullName":"CodeBlock Language Detection should display language from language prop","status":"passed","title":"should display language from language prop","duration":319.27189999999246,"failureMessages":[],"meta":{}},{"ancestorTitles":["CodeBlock","Language Detection"],"fullName":"CodeBlock Language Detection should extract language from className","status":"passed","title":"should extract language from className","duration":405.91620000000694,"failureMessages":[],"meta":{}},{"ancestorTitles":["CodeBlock","Language Detection"],"fullName":"CodeBlock Language Detection should prioritize language prop over className","status":"passed","title":"should prioritize language prop over className","duration":788.859999999986,"failureMessages":[],"meta":{}},{"ancestorTitles":["CodeBlock","Language Detection"],"fullName":"CodeBlock Language Detection should not display language label when not provided","status":"passed","title":"should not display language label when not provided","duration":492.24069999999483,"failureMessages":[],"meta":{}},{"ancestorTitles":["CodeBlock","Multi-line Code"],"fullName":"CodeBlock Multi-line Code should render multi-line code correctly","status":"passed","title":"should render multi-line code correctly","duration":779.7226000000082,"failureMessages":[],"meta":{}},{"ancestorTitles":["CodeBlock","Multi-line Code"],"fullName":"CodeBlock Multi-line Code should preserve whitespace and indentation","status":"passed","title":"should preserve whitespace and indentation","duration":252.5755000000063,"failureMessages":[],"meta":{}},{"ancestorTitles":["CodeBlock","Accessibility"],"fullName":"CodeBlock Accessibility should have accessible copy button","status":"passed","title":"should have accessible copy button","duration":476.28819999998086,"failureMessages":[],"meta":{}},{"ancestorTitles":["CodeBlock","Accessibility"],"fullName":"CodeBlock Accessibility should use semantic HTML elements","status":"passed","title":"should use semantic HTML elements","duration":665.7774999999965,"failureMessages":[],"meta":{}},{"ancestorTitles":["CodeBlock","Accessibility"],"fullName":"CodeBlock Accessibility should have proper ARIA attributes","status":"passed","title":"should have proper ARIA attributes","duration":605.8816999999981,"failureMessages":[],"meta":{}},{"ancestorTitles":["CodeBlock","Edge Cases"],"fullName":"CodeBlock Edge Cases should handle empty code","status":"passed","title":"should handle empty code","duration":389.3426000000036,"failureMessages":[],"meta":{}},{"ancestorTitles":["CodeBlock","Edge Cases"],"fullName":"CodeBlock Edge Cases should handle very long code","status":"passed","title":"should handle very long code","duration":144.76540000000386,"failureMessages":[],"meta":{}},{"ancestorTitles":["CodeBlock","Edge Cases"],"fullName":"CodeBlock Edge Cases should handle special characters","status":"passed","title":"should handle special characters","duration":167.659799999994,"failureMessages":[],"meta":{}},{"ancestorTitles":["CodeBlock","Edge Cases"],"fullName":"CodeBlock Edge Cases should handle unicode characters","status":"passed","title":"should handle unicode characters","duration":157.31279999998515,"failureMessages":[],"meta":{}}],"startTime":1761486410592,"endTime":1761486420266.3127,"status":"passed","message":"","name":"D:/react/React-App-000739/Prompt-Library/frontend/src/components/ui/CodeBlock.test.tsx"},{"assertionResults":[{"ancestorTitles":["ProtectedRoute"],"fullName":"ProtectedRoute redirects unauthenticated users to /auth","status":"passed","title":"redirects unauthenticated users to /auth","duration":4321.324200000003,"failureMessages":[],"meta":{}},{"ancestorTitles":["ProtectedRoute"],"fullName":"ProtectedRoute allows authenticated users to access protected content","status":"passed","title":"allows authenticated users to access protected content","duration":206.66759999998612,"failureMessages":[],"meta":{}},{"ancestorTitles":["ProtectedRoute"],"fullName":"ProtectedRoute shows LoadingSpinner while loading (no bypass)","status":"passed","title":"shows LoadingSpinner while loading (no bypass)","duration":210.47609999999986,"failureMessages":[],"meta":{}},{"ancestorTitles":["ProtectedRoute"],"fullName":"ProtectedRoute bypasses auth when VITE_E2E_MODE=true (build-time E2E)","status":"passed","title":"bypasses auth when VITE_E2E_MODE=true (build-time E2E)","duration":428.0246000000043,"failureMessages":[],"meta":{}},{"ancestorTitles":["ProtectedRoute"],"fullName":"ProtectedRoute bypasses auth when localStorage.e2eAuth === \"true\" (runtime E2E)","status":"passed","title":"bypasses auth when localStorage.e2eAuth === \"true\" (runtime E2E)","duration":335.65750000000116,"failureMessages":[],"meta":{}}],"startTime":1761486465596,"endTime":1761486471098.6575,"status":"passed","message":"","name":"D:/react/React-App-000739/Prompt-Library/frontend/src/components/__tests__/ProtectedRoute.test.tsx"},{"assertionResults":[{"ancestorTitles":["useDashboardContext","Page Detection"],"fullName":"useDashboardContext Page Detection should detect dashboard page","status":"passed","title":"should detect dashboard page","duration":58.22239999996964,"failureMessages":[],"meta":{}},{"ancestorTitles":["useDashboardContext","Page Detection"],"fullName":"useDashboardContext Page Detection should detect prompts list page","status":"passed","title":"should detect prompts list page","duration":161.88839999999618,"failureMessages":[],"meta":{}},{"ancestorTitles":["useDashboardContext","Page Detection"],"fullName":"useDashboardContext Page Detection should detect prompt detail page","status":"passed","title":"should detect prompt detail page","duration":99.19839999999385,"failureMessages":[],"meta":{}},{"ancestorTitles":["useDashboardContext","Page Detection"],"fullName":"useDashboardContext Page Detection should detect executions page","status":"passed","title":"should detect executions page","duration":137.80139999999665,"failureMessages":[],"meta":{}},{"ancestorTitles":["useDashboardContext","Page Detection"],"fullName":"useDashboardContext Page Detection should detect documents page","status":"passed","title":"should detect documents page","duration":179.42479999997886,"failureMessages":[],"meta":{}},{"ancestorTitles":["useDashboardContext","Page Detection"],"fullName":"useDashboardContext Page Detection should detect analytics page","status":"passed","title":"should detect analytics page","duration":116.05560000002151,"failureMessages":[],"meta":{}},{"ancestorTitles":["useDashboardContext","Page Detection"],"fullName":"useDashboardContext Page Detection should handle unknown pages","status":"passed","title":"should handle unknown pages","duration":102.56500000000233,"failureMessages":[],"meta":{}},{"ancestorTitles":["useDashboardContext","Context Object"],"fullName":"useDashboardContext Context Object should include total prompts count","status":"passed","title":"should include total prompts count","duration":123.86499999999069,"failureMessages":[],"meta":{}},{"ancestorTitles":["useDashboardContext","Context Object"],"fullName":"useDashboardContext Context Object should include selected prompt info on detail page","status":"passed","title":"should include selected prompt info on detail page","duration":109.03139999997802,"failureMessages":[],"meta":{}},{"ancestorTitles":["useDashboardContext","Context Object"],"fullName":"useDashboardContext Context Object should not include selected prompt info on list page","status":"passed","title":"should not include selected prompt info on list page","duration":93.27929999999469,"failureMessages":[],"meta":{}},{"ancestorTitles":["useDashboardContext","Context Object"],"fullName":"useDashboardContext Context Object should include current page","status":"passed","title":"should include current page","duration":89.35190000000875,"failureMessages":[],"meta":{}},{"ancestorTitles":["useDashboardContext","Loading State"],"fullName":"useDashboardContext Loading State should reflect prompts loading state","status":"passed","title":"should reflect prompts loading state","duration":99.87510000000475,"failureMessages":[],"meta":{}},{"ancestorTitles":["useContextualQuickActions"],"fullName":"useContextualQuickActions should provide dashboard quick actions","status":"passed","title":"should provide dashboard quick actions","duration":115.02659999998286,"failureMessages":[],"meta":{}},{"ancestorTitles":["useContextualQuickActions"],"fullName":"useContextualQuickActions should provide prompts list quick actions","status":"passed","title":"should provide prompts list quick actions","duration":86.94550000003073,"failureMessages":[],"meta":{}},{"ancestorTitles":["useContextualQuickActions"],"fullName":"useContextualQuickActions should provide prompt detail quick actions","status":"passed","title":"should provide prompt detail quick actions","duration":157.76399999996647,"failureMessages":[],"meta":{}},{"ancestorTitles":["useContextualQuickActions"],"fullName":"useContextualQuickActions should provide executions quick actions","status":"passed","title":"should provide executions quick actions","duration":140.90360000001965,"failureMessages":[],"meta":{}},{"ancestorTitles":["useContextualQuickActions"],"fullName":"useContextualQuickActions should provide documents quick actions","status":"passed","title":"should provide documents quick actions","duration":132.20669999998063,"failureMessages":[],"meta":{}},{"ancestorTitles":["useContextualQuickActions"],"fullName":"useContextualQuickActions should provide default quick actions for unknown pages","status":"passed","title":"should provide default quick actions for unknown pages","duration":101.66829999996116,"failureMessages":[],"meta":{}},{"ancestorTitles":["useContextualQuickActions"],"fullName":"useContextualQuickActions should include prompts in quick action messages","status":"passed","title":"should include prompts in quick action messages","duration":149.34950000001118,"failureMessages":[],"meta":{}},{"ancestorTitles":["useContextualQuickActions"],"fullName":"useContextualQuickActions should include icons in quick actions","status":"passed","title":"should include icons in quick actions","duration":147.57180000003427,"failureMessages":[],"meta":{}}],"startTime":1761486551701,"endTime":1761486554106.5718,"status":"passed","message":"","name":"D:/react/React-App-000739/Prompt-Library/frontend/src/hooks/__tests__/useDashboardContext.test.tsx"},{"assertionResults":[{"ancestorTitles":["useFocusTrap"],"fullName":"useFocusTrap keeps focus within container when active","status":"passed","title":"keeps focus within container when active","duration":68.03760000003967,"failureMessages":[],"meta":{}}],"startTime":1761486579061,"endTime":1761486579129.0376,"status":"passed","message":"","name":"D:/react/React-App-000739/Prompt-Library/frontend/src/hooks/__tests__/useFocusTrap.test.tsx"},{"assertionResults":[{"ancestorTitles":["useKeyboardShortcuts"],"fullName":"useKeyboardShortcuts triggers onToggleSidebar with Cmd/Ctrl+B","status":"passed","title":"triggers onToggleSidebar with Cmd/Ctrl+B","duration":60.787200000020675,"failureMessages":[],"meta":{}},{"ancestorTitles":["useKeyboardShortcuts"],"fullName":"useKeyboardShortcuts triggers onToggleRightPanel with Cmd/Ctrl+K","status":"passed","title":"triggers onToggleRightPanel with Cmd/Ctrl+K","duration":64.07080000004498,"failureMessages":[],"meta":{}},{"ancestorTitles":["useKeyboardShortcuts"],"fullName":"useKeyboardShortcuts triggers onEscape with Escape","status":"passed","title":"triggers onEscape with Escape","duration":71.31130000000121,"failureMessages":[],"meta":{}}],"startTime":1761486574847,"endTime":1761486575043.3113,"status":"passed","message":"","name":"D:/react/React-App-000739/Prompt-Library/frontend/src/hooks/__tests__/useKeyboardShortcuts.test.tsx"},{"assertionResults":[{"ancestorTitles":["usePerformanceMonitoring hooks","useHybridSearchMonitoring"],"fullName":"usePerformanceMonitoring hooks useHybridSearchMonitoring should provide trackSearch function","status":"passed","title":"should provide trackSearch function","duration":214.180400000012,"failureMessages":[],"meta":{}},{"ancestorTitles":["usePerformanceMonitoring hooks","useHybridSearchMonitoring"],"fullName":"usePerformanceMonitoring hooks useHybridSearchMonitoring should call performanceMonitoringService.trackHybridSearch when trackSearch is called","status":"passed","title":"should call performanceMonitoringService.trackHybridSearch when trackSearch is called","duration":634.6230000000214,"failureMessages":[],"meta":{}},{"ancestorTitles":["usePerformanceMonitoring hooks","useHybridSearchMonitoring"],"fullName":"usePerformanceMonitoring hooks useHybridSearchMonitoring should provide trackUserSatisfaction function","status":"passed","title":"should provide trackUserSatisfaction function","duration":377.67599999997765,"failureMessages":[],"meta":{}},{"ancestorTitles":["usePerformanceMonitoring hooks","useHybridSearchMonitoring"],"fullName":"usePerformanceMonitoring hooks useHybridSearchMonitoring should log user satisfaction when trackUserSatisfaction is called","status":"passed","title":"should log user satisfaction when trackUserSatisfaction is called","duration":455.3218999999808,"failureMessages":[],"meta":{}},{"ancestorTitles":["usePerformanceMonitoring hooks","useAnalyticsDashboardMonitoring"],"fullName":"usePerformanceMonitoring hooks useAnalyticsDashboardMonitoring should provide trackDashboardLoad function","status":"passed","title":"should provide trackDashboardLoad function","duration":332.45230000000447,"failureMessages":[],"meta":{}},{"ancestorTitles":["usePerformanceMonitoring hooks","useAnalyticsDashboardMonitoring"],"fullName":"usePerformanceMonitoring hooks useAnalyticsDashboardMonitoring should call performanceMonitoringService.trackAnalyticsDashboard when trackDashboardLoad is called","status":"passed","title":"should call performanceMonitoringService.trackAnalyticsDashboard when trackDashboardLoad is called","duration":708.6975000000093,"failureMessages":[],"meta":{}},{"ancestorTitles":["usePerformanceMonitoring hooks","useAnalyticsDashboardMonitoring"],"fullName":"usePerformanceMonitoring hooks useAnalyticsDashboardMonitoring should provide trackDashboardInteraction function","status":"passed","title":"should provide trackDashboardInteraction function","duration":282.46469999995315,"failureMessages":[],"meta":{}},{"ancestorTitles":["usePerformanceMonitoring hooks","useAnalyticsDashboardMonitoring"],"fullName":"usePerformanceMonitoring hooks useAnalyticsDashboardMonitoring should log dashboard interaction when trackDashboardInteraction is called","status":"passed","title":"should log dashboard interaction when trackDashboardInteraction is called","duration":116.90799999999581,"failureMessages":[],"meta":{}},{"ancestorTitles":["usePerformanceMonitoring hooks","useABTestMonitoring"],"fullName":"usePerformanceMonitoring hooks useABTestMonitoring should provide trackConversion function","status":"passed","title":"should provide trackConversion function","duration":173.47159999998985,"failureMessages":[],"meta":{}},{"ancestorTitles":["usePerformanceMonitoring hooks","useABTestMonitoring"],"fullName":"usePerformanceMonitoring hooks useABTestMonitoring should call performanceMonitoringService.trackABTestPerformance when trackConversion is called","status":"passed","title":"should call performanceMonitoringService.trackABTestPerformance when trackConversion is called","duration":106.39400000002934,"failureMessages":[],"meta":{}},{"ancestorTitles":["usePerformanceMonitoring hooks","useCostOptimizationMonitoring"],"fullName":"usePerformanceMonitoring hooks useCostOptimizationMonitoring should provide trackCost function","status":"passed","title":"should provide trackCost function","duration":278.2253999999957,"failureMessages":[],"meta":{}},{"ancestorTitles":["usePerformanceMonitoring hooks","useCostOptimizationMonitoring"],"fullName":"usePerformanceMonitoring hooks useCostOptimizationMonitoring should call performanceMonitoringService.trackCostOptimization when trackCost is called","status":"passed","title":"should call performanceMonitoringService.trackCostOptimization when trackCost is called","duration":116.21340000000782,"failureMessages":[],"meta":{}},{"ancestorTitles":["usePerformanceMonitoring hooks","usePerformanceMonitoringSetup"],"fullName":"usePerformanceMonitoring hooks usePerformanceMonitoringSetup should set up performance monitoring on mount","status":"passed","title":"should set up performance monitoring on mount","duration":108.93859999999404,"failureMessages":[],"meta":{}},{"ancestorTitles":["usePerformanceMonitoring hooks","usePerformanceMonitoringSetup"],"fullName":"usePerformanceMonitoring hooks usePerformanceMonitoringSetup should clean up event listeners on unmount","status":"passed","title":"should clean up event listeners on unmount","duration":137.66289999999572,"failureMessages":[],"meta":{}},{"ancestorTitles":["usePerformanceMonitoring hooks","usePerformanceMonitoringSetup"],"fullName":"usePerformanceMonitoring hooks usePerformanceMonitoringSetup should set up PerformanceObserver when available","status":"passed","title":"should set up PerformanceObserver when available","duration":285.6295000000391,"failureMessages":[],"meta":{}},{"ancestorTitles":["usePerformanceMonitoring hooks","usePerformanceData"],"fullName":"usePerformanceMonitoring hooks usePerformanceData should fetch performance data on mount","status":"passed","title":"should fetch performance data on mount","duration":280.7157999999472,"failureMessages":[],"meta":{}},{"ancestorTitles":["usePerformanceMonitoring hooks","usePerformanceData"],"fullName":"usePerformanceMonitoring hooks usePerformanceData should refresh data at specified interval","status":"passed","title":"should refresh data at specified interval","duration":776.579299999983,"failureMessages":[],"meta":{}},{"ancestorTitles":["usePerformanceMonitoring hooks","usePerformanceData"],"fullName":"usePerformanceMonitoring hooks usePerformanceData should handle errors when fetching performance data","status":"passed","title":"should handle errors when fetching performance data","duration":376.33559999999125,"failureMessages":[],"meta":{}},{"ancestorTitles":["usePerformanceMonitoring hooks","usePerformanceData"],"fullName":"usePerformanceMonitoring hooks usePerformanceData should provide refresh function","status":"passed","title":"should provide refresh function","duration":351.4702999999863,"failureMessages":[],"meta":{}}],"startTime":1761486500996,"endTime":1761486507125.4702,"status":"passed","message":"","name":"D:/react/React-App-000739/Prompt-Library/frontend/src/hooks/__tests__/usePerformanceMonitoring.test.ts"},{"assertionResults":[{"ancestorTitles":["usePromptLibraryChat","Initialization"],"fullName":"usePromptLibraryChat Initialization should initialize with empty messages","status":"passed","title":"should initialize with empty messages","duration":129.863400000002,"failureMessages":[],"meta":{}},{"ancestorTitles":["usePromptLibraryChat","Initialization"],"fullName":"usePromptLibraryChat Initialization should load messages from localStorage on mount","status":"passed","title":"should load messages from localStorage on mount","duration":208.5451999999932,"failureMessages":[],"meta":{}},{"ancestorTitles":["usePromptLibraryChat","Initialization"],"fullName":"usePromptLibraryChat Initialization should cleanup expired conversations on mount","status":"passed","title":"should cleanup expired conversations on mount","duration":272.49499999999534,"failureMessages":[],"meta":{}},{"ancestorTitles":["usePromptLibraryChat","Initialization"],"fullName":"usePromptLibraryChat Initialization should not cleanup if autoCleanup is false","status":"passed","title":"should not cleanup if autoCleanup is false","duration":244.94759999998496,"failureMessages":[],"meta":{}},{"ancestorTitles":["usePromptLibraryChat","sendMessage"],"fullName":"usePromptLibraryChat sendMessage should send message successfully","status":"passed","title":"should send message successfully","duration":197.1644999999844,"failureMessages":[],"meta":{}},{"ancestorTitles":["usePromptLibraryChat","sendMessage"],"fullName":"usePromptLibraryChat sendMessage should set loading state during request","status":"passed","title":"should set loading state during request","duration":385.9042999999947,"failureMessages":[],"meta":{}},{"ancestorTitles":["usePromptLibraryChat","sendMessage"],"fullName":"usePromptLibraryChat sendMessage should handle errors","status":"passed","title":"should handle errors","duration":548.9763000000094,"failureMessages":[],"meta":{}},{"ancestorTitles":["usePromptLibraryChat","sendMessage"],"fullName":"usePromptLibraryChat sendMessage should call onError callback on error","status":"passed","title":"should call onError callback on error","duration":216.58030000000144,"failureMessages":[],"meta":{}},{"ancestorTitles":["usePromptLibraryChat","sendMessage"],"fullName":"usePromptLibraryChat sendMessage should call onSuccess callback on success","status":"passed","title":"should call onSuccess callback on success","duration":161.1981000000087,"failureMessages":[],"meta":{}},{"ancestorTitles":["usePromptLibraryChat","sendMessage"],"fullName":"usePromptLibraryChat sendMessage should include dashboard context in request","status":"passed","title":"should include dashboard context in request","duration":512.6747000000032,"failureMessages":[],"meta":{}},{"ancestorTitles":["usePromptLibraryChat","sendMessage"],"fullName":"usePromptLibraryChat sendMessage should save messages to localStorage","status":"passed","title":"should save messages to localStorage","duration":357.82949999999255,"failureMessages":[],"meta":{}},{"ancestorTitles":["usePromptLibraryChat","sendMessage"],"fullName":"usePromptLibraryChat sendMessage should include tool calls in assistant message","status":"passed","title":"should include tool calls in assistant message","duration":577.6682999999903,"failureMessages":[],"meta":{}},{"ancestorTitles":["usePromptLibraryChat","clearConversation"],"fullName":"usePromptLibraryChat clearConversation should clear messages and conversation ID","status":"passed","title":"should clear messages and conversation ID","duration":482.07830000002286,"failureMessages":[],"meta":{}},{"ancestorTitles":["usePromptLibraryChat","retryLastMessage"],"fullName":"usePromptLibraryChat retryLastMessage should retry last user message","status":"passed","title":"should retry last user message","duration":396.9801999999909,"failureMessages":[],"meta":{}},{"ancestorTitles":["usePromptLibraryChat","retryLastMessage"],"fullName":"usePromptLibraryChat retryLastMessage should not retry if no messages","status":"passed","title":"should not retry if no messages","duration":581.1560999999929,"failureMessages":[],"meta":{}},{"ancestorTitles":["usePromptLibraryChat","Rate Limiting"],"fullName":"usePromptLibraryChat Rate Limiting should detect rate limit errors","status":"passed","title":"should detect rate limit errors","duration":383.749599999981,"failureMessages":[],"meta":{}},{"ancestorTitles":["usePromptLibraryChat","Rate Limiting"],"fullName":"usePromptLibraryChat Rate Limiting should extract retry-after from error message","status":"passed","title":"should extract retry-after from error message","duration":307.33360000001267,"failureMessages":[],"meta":{}},{"ancestorTitles":["usePromptLibraryChat","lastResponse"],"fullName":"usePromptLibraryChat lastResponse should store last response","status":"passed","title":"should store last response","duration":336.41869999998016,"failureMessages":[],"meta":{}}],"startTime":1761486420560,"endTime":1761486426862.4187,"status":"passed","message":"","name":"D:/react/React-App-000739/Prompt-Library/frontend/src/hooks/__tests__/usePromptLibraryChat.test.ts"},{"assertionResults":[{"ancestorTitles":["useStreamingExecution"],"fullName":"useStreamingExecution should initialize with default state","status":"passed","title":"should initialize with default state","duration":132.77480000001378,"failureMessages":[],"meta":{}},{"ancestorTitles":["useStreamingExecution"],"fullName":"useStreamingExecution should start streaming when execute is called","status":"passed","title":"should start streaming when execute is called","duration":192.04230000000098,"failureMessages":[],"meta":{}},{"ancestorTitles":["useStreamingExecution"],"fullName":"useStreamingExecution should accumulate streamed content from chunks","status":"passed","title":"should accumulate streamed content from chunks","duration":396.04669999997714,"failureMessages":[],"meta":{}},{"ancestorTitles":["useStreamingExecution"],"fullName":"useStreamingExecution should call onComplete when streaming finishes","status":"passed","title":"should call onComplete when streaming finishes","duration":335.83070000002044,"failureMessages":[],"meta":{}},{"ancestorTitles":["useStreamingExecution"],"fullName":"useStreamingExecution should handle errors and call onError","status":"passed","title":"should handle errors and call onError","duration":348.1969000000099,"failureMessages":[],"meta":{}},{"ancestorTitles":["useStreamingExecution"],"fullName":"useStreamingExecution should cancel streaming when cancel is called","status":"passed","title":"should cancel streaming when cancel is called","duration":403.9236000000092,"failureMessages":[],"meta":{}},{"ancestorTitles":["useStreamingExecution"],"fullName":"useStreamingExecution should attempt reconnection on error when autoReconnect is enabled","status":"passed","title":"should attempt reconnection on error when autoReconnect is enabled","duration":2641.146700000012,"failureMessages":["AssertionError: expected \"spy\" to be called 2 times, but got 1 times\n\nIgnored nodes: comments, script, style\n\u001b[36m<html>\u001b[39m\n  \u001b[36m<head />\u001b[39m\n  \u001b[36m<body>\u001b[39m\n    \u001b[36m<div />\u001b[39m\n  \u001b[36m</body>\u001b[39m\n\u001b[36m</html>\u001b[39m\n    at D:\\react\\React-App-000739\\Prompt-Library\\frontend\\src\\hooks\\__tests__\\useStreamingExecution.test.ts:295:34\n    at runWithExpensiveErrorDiagnosticsDisabled (D:\\react\\React-App-000739\\Prompt-Library\\frontend\\node_modules\\@testing-library\\dom\\dist\\config.js:47:12)\n    at checkCallback (D:\\react\\React-App-000739\\Prompt-Library\\frontend\\node_modules\\@testing-library\\dom\\dist\\wait-for.js:124:77)\n    at Timeout.checkRealTimersCallback (D:\\react\\React-App-000739\\Prompt-Library\\frontend\\node_modules\\@testing-library\\dom\\dist\\wait-for.js:118:16)\n    at listOnTimeout (node:internal/timers:581:17)\n    at processTimers (node:internal/timers:519:7)"],"meta":{}},{"ancestorTitles":["useStreamingExecution"],"fullName":"useStreamingExecution should stop reconnecting after max attempts","status":"skipped","title":"should stop reconnecting after max attempts","failureMessages":[],"meta":{}},{"ancestorTitles":["useStreamingExecution"],"fullName":"useStreamingExecution should cleanup on unmount","status":"passed","title":"should cleanup on unmount","duration":189.96179999999003,"failureMessages":[],"meta":{}},{"ancestorTitles":["useStreamingExecution","useStreamingExecution (polling fallback)"],"fullName":"useStreamingExecution useStreamingExecution (polling fallback) falls back to polling and streams chunks when SSE is unavailable","status":"passed","title":"falls back to polling and streams chunks when SSE is unavailable","duration":271.9045000000042,"failureMessages":[],"meta":{}},{"ancestorTitles":["useTypingAnimation"],"fullName":"useTypingAnimation should animate text character by character","status":"passed","title":"should animate text character by character","duration":233.37630000000354,"failureMessages":[],"meta":{}},{"ancestorTitles":["useTypingAnimation"],"fullName":"useTypingAnimation should reset when text changes","status":"passed","title":"should reset when text changes","duration":397.2274000000034,"failureMessages":[],"meta":{}}],"startTime":1761486374741,"endTime":1761486380284.2273,"status":"passed","message":"","name":"D:/react/React-App-000739/Prompt-Library/frontend/src/hooks/__tests__/useStreamingExecution.test.ts"},{"assertionResults":[{"ancestorTitles":["useSwipeGestures"],"fullName":"useSwipeGestures calls onSwipeRight when swiping right from left edge","status":"passed","title":"calls onSwipeRight when swiping right from left edge","duration":67.50709999998799,"failureMessages":[],"meta":{}}],"startTime":1761486579281,"endTime":1761486579348.507,"status":"passed","message":"","name":"D:/react/React-App-000739/Prompt-Library/frontend/src/hooks/__tests__/useSwipeGestures.test.tsx"},{"assertionResults":[{"ancestorTitles":["AnalyticsDashboard - Realtime metrics"],"fullName":"AnalyticsDashboard - Realtime metrics renders realtime metrics summary when available","status":"passed","title":"renders realtime metrics summary when available","duration":184.30440000002272,"failureMessages":[],"meta":{}}],"startTime":1761486575959,"endTime":1761486576143.3044,"status":"passed","message":"","name":"D:/react/React-App-000739/Prompt-Library/frontend/src/components/analytics/__tests__/AnalyticsDashboard.realtime.test.tsx"},{"assertionResults":[{"ancestorTitles":["LoginFormModal"],"fullName":"LoginFormModal renders login form correctly","status":"passed","title":"renders login form correctly","duration":249.73600000003353,"failureMessages":[],"meta":{}},{"ancestorTitles":["LoginFormModal"],"fullName":"LoginFormModal prevents login with invalid email","status":"passed","title":"prevents login with invalid email","duration":642.1684999999707,"failureMessages":[],"meta":{}},{"ancestorTitles":["LoginFormModal"],"fullName":"LoginFormModal prevents login with short password","status":"passed","title":"prevents login with short password","duration":291.65669999999227,"failureMessages":[],"meta":{}},{"ancestorTitles":["LoginFormModal"],"fullName":"LoginFormModal calls onSwitchToSignup when signup link is clicked","status":"passed","title":"calls onSwitchToSignup when signup link is clicked","duration":256.6061000000336,"failureMessages":[],"meta":{}},{"ancestorTitles":["LoginFormModal"],"fullName":"LoginFormModal toggles password visibility","status":"passed","title":"toggles password visibility","duration":156.26380000001518,"failureMessages":[],"meta":{}},{"ancestorTitles":["LoginFormModal"],"fullName":"LoginFormModal calls login with valid credentials","status":"passed","title":"calls login with valid credentials","duration":177.04409999999916,"failureMessages":[],"meta":{}},{"ancestorTitles":["LoginFormModal"],"fullName":"LoginFormModal shows loading state during authentication","status":"passed","title":"shows loading state during authentication","duration":187.9604999999865,"failureMessages":[],"meta":{}},{"ancestorTitles":["LoginFormModal"],"fullName":"LoginFormModal handles authentication errors","status":"passed","title":"handles authentication errors","duration":415.17459999996936,"failureMessages":[],"meta":{}},{"ancestorTitles":["LoginFormModal"],"fullName":"LoginFormModal calls loginWithGoogle when Google button is clicked","status":"passed","title":"calls loginWithGoogle when Google button is clicked","duration":319.64199999999255,"failureMessages":[],"meta":{}},{"ancestorTitles":["LoginFormModal"],"fullName":"LoginFormModal handles Google sign in errors","status":"passed","title":"handles Google sign in errors","duration":500.1551000000327,"failureMessages":[],"meta":{}}],"startTime":1761486490020,"endTime":1761486493217.155,"status":"passed","message":"","name":"D:/react/React-App-000739/Prompt-Library/frontend/src/components/auth/__tests__/LoginFormModal.test.tsx"},{"assertionResults":[{"ancestorTitles":["SignupFormModal"],"fullName":"SignupFormModal renders signup form correctly","status":"passed","title":"renders signup form correctly","duration":196.28620000003139,"failureMessages":[],"meta":{}},{"ancestorTitles":["SignupFormModal"],"fullName":"SignupFormModal shows validation error for password mismatch","status":"passed","title":"shows validation error for password mismatch","duration":445.0063000000082,"failureMessages":[],"meta":{}},{"ancestorTitles":["SignupFormModal"],"fullName":"SignupFormModal shows validation error for short password","status":"passed","title":"shows validation error for short password","duration":498.3301999999676,"failureMessages":[],"meta":{}},{"ancestorTitles":["SignupFormModal"],"fullName":"SignupFormModal calls onSwitchToLogin when login link is clicked","status":"passed","title":"calls onSwitchToLogin when login link is clicked","duration":319.97570000000997,"failureMessages":[],"meta":{}},{"ancestorTitles":["SignupFormModal"],"fullName":"SignupFormModal toggles password visibility","status":"passed","title":"toggles password visibility","duration":470.47060000000056,"failureMessages":[],"meta":{}},{"ancestorTitles":["SignupFormModal"],"fullName":"SignupFormModal toggles confirm password visibility","status":"passed","title":"toggles confirm password visibility","duration":509.09010000003036,"failureMessages":[],"meta":{}},{"ancestorTitles":["SignupFormModal"],"fullName":"SignupFormModal calls signup with valid data","status":"passed","title":"calls signup with valid data","duration":380.33600000001024,"failureMessages":[],"meta":{}},{"ancestorTitles":["SignupFormModal"],"fullName":"SignupFormModal shows loading state during signup","status":"passed","title":"shows loading state during signup","duration":520.3483000000124,"failureMessages":[],"meta":{}},{"ancestorTitles":["SignupFormModal"],"fullName":"SignupFormModal handles signup errors","status":"passed","title":"handles signup errors","duration":721.4813999999897,"failureMessages":[],"meta":{}},{"ancestorTitles":["SignupFormModal"],"fullName":"SignupFormModal calls loginWithGoogle when Google button is clicked","status":"passed","title":"calls loginWithGoogle when Google button is clicked","duration":310.1332999999868,"failureMessages":[],"meta":{}},{"ancestorTitles":["SignupFormModal"],"fullName":"SignupFormModal handles Google sign in errors","status":"passed","title":"handles Google sign in errors","duration":345.45649999997113,"failureMessages":[],"meta":{}}],"startTime":1761486495781,"endTime":1761486500498.4565,"status":"passed","message":"","name":"D:/react/React-App-000739/Prompt-Library/frontend/src/components/auth/__tests__/SignupFormModal.test.tsx"},{"assertionResults":[{"ancestorTitles":["DocumentList"],"fullName":"DocumentList renders without crashing","status":"passed","title":"renders without crashing","duration":72.64220000000205,"failureMessages":[],"meta":{}}],"startTime":1761486578805,"endTime":1761486578877.642,"status":"passed","message":"","name":"D:/react/React-App-000739/Prompt-Library/frontend/src/components/documents/__tests__/DocumentList.test.tsx"},{"assertionResults":[{"ancestorTitles":["DocumentUpload"],"fullName":"DocumentUpload renders upload area correctly","status":"passed","title":"renders upload area correctly","duration":606.7615999999689,"failureMessages":[],"meta":{}},{"ancestorTitles":["DocumentUpload"],"fullName":"DocumentUpload shows file input when click to upload","status":"passed","title":"shows file input when click to upload","duration":892.2646999999997,"failureMessages":[],"meta":{}},{"ancestorTitles":["DocumentUpload"],"fullName":"DocumentUpload validates file types correctly","status":"passed","title":"validates file types correctly","duration":403.9812999999849,"failureMessages":[],"meta":{}},{"ancestorTitles":["DocumentUpload"],"fullName":"DocumentUpload validates file size correctly","status":"passed","title":"validates file size correctly","duration":331.59049999999115,"failureMessages":[],"meta":{}},{"ancestorTitles":["DocumentUpload"],"fullName":"DocumentUpload accepts valid files","status":"passed","title":"accepts valid files","duration":435.0638999999501,"failureMessages":[],"meta":{}},{"ancestorTitles":["DocumentUpload"],"fullName":"DocumentUpload allows removing files from upload queue","status":"passed","title":"allows removing files from upload queue","duration":475.13549999997485,"failureMessages":[],"meta":{}},{"ancestorTitles":["DocumentUpload"],"fullName":"DocumentUpload handles drag and drop events","status":"passed","title":"handles drag and drop events","duration":458.4624999999651,"failureMessages":[],"meta":{}},{"ancestorTitles":["DocumentUpload"],"fullName":"DocumentUpload requires authentication","status":"skipped","title":"requires authentication","failureMessages":[],"meta":{}},{"ancestorTitles":["DocumentUpload"],"fullName":"DocumentUpload shows upload progress","status":"passed","title":"shows upload progress","duration":719.8928000000305,"failureMessages":[],"meta":{}}],"startTime":1761486515689,"endTime":1761486520013.8928,"status":"passed","message":"","name":"D:/react/React-App-000739/Prompt-Library/frontend/src/components/documents/__tests__/DocumentUpload.test.tsx"},{"assertionResults":[{"ancestorTitles":["ErrorBoundary"],"fullName":"ErrorBoundary renders children when there is no error","status":"passed","title":"renders children when there is no error","duration":254.08249999998952,"failureMessages":[],"meta":{}},{"ancestorTitles":["ErrorBoundary"],"fullName":"ErrorBoundary renders error UI when child component throws","status":"passed","title":"renders error UI when child component throws","duration":653.285200000013,"failureMessages":[],"meta":{}},{"ancestorTitles":["ErrorBoundary"],"fullName":"ErrorBoundary calls onError callback when error occurs","status":"passed","title":"calls onError callback when error occurs","duration":252.6693999999843,"failureMessages":[],"meta":{}},{"ancestorTitles":["ErrorBoundary"],"fullName":"ErrorBoundary shows error details in development mode","status":"passed","title":"shows error details in development mode","duration":460.22279999998864,"failureMessages":[],"meta":{}},{"ancestorTitles":["ErrorBoundary"],"fullName":"ErrorBoundary hides error details in production mode","status":"passed","title":"hides error details in production mode","duration":502.3880000000063,"failureMessages":[],"meta":{}},{"ancestorTitles":["ErrorBoundary"],"fullName":"ErrorBoundary resets error state when retry button is clicked","status":"passed","title":"resets error state when retry button is clicked","duration":682.8748999999953,"failureMessages":[],"meta":{}},{"ancestorTitles":["ErrorBoundary"],"fullName":"ErrorBoundary navigates to home when go home button is clicked","status":"passed","title":"navigates to home when go home button is clicked","duration":1405.9238999999943,"failureMessages":[],"meta":{}},{"ancestorTitles":["ErrorBoundary"],"fullName":"ErrorBoundary renders custom fallback UI when provided","status":"passed","title":"renders custom fallback UI when provided","duration":600.6737000000139,"failureMessages":[],"meta":{}},{"ancestorTitles":["ErrorBoundary"],"fullName":"ErrorBoundary catches errors that occur after initial render","status":"passed","title":"catches errors that occur after initial render","duration":426.81200000000536,"failureMessages":[],"meta":{}},{"ancestorTitles":["ErrorBoundary","withErrorBoundary HOC"],"fullName":"ErrorBoundary withErrorBoundary HOC wraps component with error boundary","status":"passed","title":"wraps component with error boundary","duration":291.8843999999808,"failureMessages":[],"meta":{}},{"ancestorTitles":["ErrorBoundary","withErrorBoundary HOC"],"fullName":"ErrorBoundary withErrorBoundary HOC catches errors in wrapped component","status":"passed","title":"catches errors in wrapped component","duration":349.01740000001155,"failureMessages":[],"meta":{}},{"ancestorTitles":["ErrorBoundary","withErrorBoundary HOC"],"fullName":"ErrorBoundary withErrorBoundary HOC uses custom fallback in HOC","status":"passed","title":"uses custom fallback in HOC","duration":282.5173000000068,"failureMessages":[],"meta":{}},{"ancestorTitles":["ErrorBoundary","withErrorBoundary HOC"],"fullName":"ErrorBoundary withErrorBoundary HOC calls custom onError in HOC","status":"passed","title":"calls custom onError in HOC","duration":679.9005000000179,"failureMessages":[],"meta":{}},{"ancestorTitles":["ErrorBoundary","withErrorBoundary HOC"],"fullName":"ErrorBoundary withErrorBoundary HOC sets correct display name for wrapped component","status":"passed","title":"sets correct display name for wrapped component","duration":481.5524999999907,"failureMessages":[],"meta":{}},{"ancestorTitles":["ErrorBoundary","withErrorBoundary HOC"],"fullName":"ErrorBoundary withErrorBoundary HOC handles components without display name","status":"passed","title":"handles components without display name","duration":423.78879999998026,"failureMessages":[],"meta":{}},{"ancestorTitles":["ErrorBoundary","Error boundary state management"],"fullName":"ErrorBoundary Error boundary state management maintains error state across re-renders","status":"passed","title":"maintains error state across re-renders","duration":682.6114999999991,"failureMessages":[],"meta":{}},{"ancestorTitles":["ErrorBoundary","Error boundary state management"],"fullName":"ErrorBoundary Error boundary state management resets error state when new error occurs","status":"passed","title":"resets error state when new error occurs","duration":528.2047999999777,"failureMessages":[],"meta":{}}],"startTime":1761486449649,"endTime":1761486458608.2048,"status":"passed","message":"","name":"D:/react/React-App-000739/Prompt-Library/frontend/src/components/common/__tests__/ErrorBoundary.test.tsx"},{"assertionResults":[{"ancestorTitles":["Toast System"],"fullName":"Toast System renders toast provider without errors","status":"passed","title":"renders toast provider without errors","duration":83.95639999996638,"failureMessages":[],"meta":{}},{"ancestorTitles":["Toast System"],"fullName":"Toast System throws error when useToast is used outside provider","status":"passed","title":"throws error when useToast is used outside provider","duration":174.3067999999621,"failureMessages":[],"meta":{}},{"ancestorTitles":["Toast System"],"fullName":"Toast System adds and displays info toast","status":"passed","title":"adds and displays info toast","duration":150.00640000001295,"failureMessages":[],"meta":{}},{"ancestorTitles":["Toast System"],"fullName":"Toast System adds and displays success toast","status":"passed","title":"adds and displays success toast","duration":148.66440000000875,"failureMessages":[],"meta":{}},{"ancestorTitles":["Toast System"],"fullName":"Toast System adds and displays error toast","status":"passed","title":"adds and displays error toast","duration":184.33220000000438,"failureMessages":[],"meta":{}},{"ancestorTitles":["Toast System"],"fullName":"Toast System displays toast with action button","status":"passed","title":"displays toast with action button","duration":135.12310000002617,"failureMessages":[],"meta":{}},{"ancestorTitles":["Toast System"],"fullName":"Toast System removes toast when close button is clicked","status":"passed","title":"removes toast when close button is clicked","duration":191.99300000001676,"failureMessages":[],"meta":{}},{"ancestorTitles":["Toast System"],"fullName":"Toast System auto-removes toast after duration","status":"skipped","title":"auto-removes toast after duration","failureMessages":[],"meta":{}},{"ancestorTitles":["Toast System"],"fullName":"Toast System does not auto-remove error toasts","status":"skipped","title":"does not auto-remove error toasts","failureMessages":[],"meta":{}},{"ancestorTitles":["Toast System"],"fullName":"Toast System clears all toasts","status":"passed","title":"clears all toasts","duration":240.37709999998333,"failureMessages":[],"meta":{}},{"ancestorTitles":["Toast System"],"fullName":"Toast System limits number of toasts based on maxToasts prop","status":"passed","title":"limits number of toasts based on maxToasts prop","duration":299.11069999996107,"failureMessages":[],"meta":{}},{"ancestorTitles":["Toast System"],"fullName":"Toast System shows correct icons for different toast types","status":"passed","title":"shows correct icons for different toast types","duration":243.9600999999675,"failureMessages":[],"meta":{}}],"startTime":1761486554468,"endTime":1761486556333.9602,"status":"passed","message":"","name":"D:/react/React-App-000739/Prompt-Library/frontend/src/components/common/__tests__/Toast.test.tsx"},{"assertionResults":[{"ancestorTitles":["ChunkHighlighter"],"fullName":"ChunkHighlighter highlights query terms with <mark>","status":"passed","title":"highlights query terms with <mark>","duration":47.30940000002738,"failureMessages":[],"meta":{}},{"ancestorTitles":["ChunkHighlighter"],"fullName":"ChunkHighlighter does not highlight very short terms","status":"passed","title":"does not highlight very short terms","duration":69.4440000000177,"failureMessages":[],"meta":{}}],"startTime":1761486577291,"endTime":1761486577408.444,"status":"passed","message":"","name":"D:/react/React-App-000739/Prompt-Library/frontend/src/components/execution/__tests__/ChunkHighlighter.test.tsx"},{"assertionResults":[{"ancestorTitles":["CostDisplay"],"fullName":"CostDisplay renders cost display with formatted currency","status":"passed","title":"renders cost display with formatted currency","duration":95.66159999999218,"failureMessages":[],"meta":{}},{"ancestorTitles":["CostDisplay"],"fullName":"CostDisplay displays efficiency indicator","status":"passed","title":"displays efficiency indicator","duration":142.0115999999689,"failureMessages":[],"meta":{}},{"ancestorTitles":["CostDisplay"],"fullName":"CostDisplay shows tooltip on hover when showBreakdown is true","status":"passed","title":"shows tooltip on hover when showBreakdown is true","duration":166.05469999997877,"failureMessages":[],"meta":{}},{"ancestorTitles":["CostDisplay"],"fullName":"CostDisplay displays input and output token breakdown","status":"passed","title":"displays input and output token breakdown","duration":108.57140000001527,"failureMessages":[],"meta":{}},{"ancestorTitles":["CostDisplay"],"fullName":"CostDisplay calculates cost correctly for GPT-3.5","status":"passed","title":"calculates cost correctly for GPT-3.5","duration":132.43390000000363,"failureMessages":[],"meta":{}},{"ancestorTitles":["CostDisplay"],"fullName":"CostDisplay calculates cost correctly for GPT-4","status":"passed","title":"calculates cost correctly for GPT-4","duration":157.75990000000456,"failureMessages":[],"meta":{}},{"ancestorTitles":["CostDisplay"],"fullName":"CostDisplay shows \"Very Efficient\" for low cost per token","status":"passed","title":"shows \"Very Efficient\" for low cost per token","duration":100.46840000001248,"failureMessages":[],"meta":{}},{"ancestorTitles":["CostDisplay"],"fullName":"CostDisplay shows \"Expensive\" for high cost per token","status":"passed","title":"shows \"Expensive\" for high cost per token","duration":211.0973000000231,"failureMessages":[],"meta":{}},{"ancestorTitles":["CostDisplay"],"fullName":"CostDisplay handles unknown models with default pricing","status":"passed","title":"handles unknown models with default pricing","duration":153.31359999999404,"failureMessages":[],"meta":{}},{"ancestorTitles":["CostDisplay"],"fullName":"CostDisplay uses provided totalCost when available","status":"passed","title":"uses provided totalCost when available","duration":142.8136999999988,"failureMessages":[],"meta":{}},{"ancestorTitles":["CostDisplay"],"fullName":"CostDisplay calculates cost when totalCost is 0","status":"passed","title":"calculates cost when totalCost is 0","duration":133.59539999999106,"failureMessages":[],"meta":{}},{"ancestorTitles":["CostDisplay"],"fullName":"CostDisplay applies custom className","status":"passed","title":"applies custom className","duration":120.17430000001332,"failureMessages":[],"meta":{}},{"ancestorTitles":["CostDisplay"],"fullName":"CostDisplay hides tooltip when mouse leaves","status":"passed","title":"hides tooltip when mouse leaves","duration":279.5075999999535,"failureMessages":[],"meta":{}},{"ancestorTitles":["CostDisplay"],"fullName":"CostDisplay displays provider information in tooltip","status":"passed","title":"displays provider information in tooltip","duration":192.43559999996796,"failureMessages":[],"meta":{}},{"ancestorTitles":["CostDisplay"],"fullName":"CostDisplay shows pricing per 1K tokens in tooltip","status":"passed","title":"shows pricing per 1K tokens in tooltip","duration":149.07790000003297,"failureMessages":[],"meta":{}}],"startTime":1761486549071,"endTime":1761486551358.078,"status":"passed","message":"","name":"D:/react/React-App-000739/Prompt-Library/frontend/src/components/execution/__tests__/CostDisplay.test.tsx"},{"assertionResults":[{"ancestorTitles":["ExecutionRating"],"fullName":"ExecutionRating submits thumbs up and shows saved indicator","status":"passed","title":"submits thumbs up and shows saved indicator","duration":148.44449999998324,"failureMessages":[],"meta":{}},{"ancestorTitles":["ExecutionRating"],"fullName":"ExecutionRating opens feedback when thumbs down and allows submitting feedback","status":"passed","title":"opens feedback when thumbs down and allows submitting feedback","duration":172.08799999998882,"failureMessages":[],"meta":{}},{"ancestorTitles":["ExecutionRating"],"fullName":"ExecutionRating clicking a low star (<=3) reveals feedback area","status":"passed","title":"clicking a low star (<=3) reveals feedback area","duration":124.83860000001732,"failureMessages":[],"meta":{}}],"startTime":1761486569555,"endTime":1761486570000.8386,"status":"passed","message":"","name":"D:/react/React-App-000739/Prompt-Library/frontend/src/components/execution/__tests__/ExecutionRating.test.tsx"},{"assertionResults":[{"ancestorTitles":["ModelComparison"],"fullName":"ModelComparison renders responses grid and quality metrics grid after switching tabs","status":"passed","title":"renders responses grid and quality metrics grid after switching tabs","duration":170.62410000001546,"failureMessages":[],"meta":{}}],"startTime":1761486574298,"endTime":1761486574468.624,"status":"passed","message":"","name":"D:/react/React-App-000739/Prompt-Library/frontend/src/components/execution/__tests__/ModelComparison.test.tsx"},{"assertionResults":[{"ancestorTitles":["PromptExecutor"],"fullName":"PromptExecutor renders prompt executor correctly","status":"skipped","title":"renders prompt executor correctly","failureMessages":[],"meta":{}},{"ancestorTitles":["PromptExecutor"],"fullName":"PromptExecutor shows variable inputs for prompt variables","status":"skipped","title":"shows variable inputs for prompt variables","failureMessages":[],"meta":{}},{"ancestorTitles":["PromptExecutor"],"fullName":"PromptExecutor validates required variables before execution","status":"skipped","title":"validates required variables before execution","failureMessages":[],"meta":{}},{"ancestorTitles":["PromptExecutor"],"fullName":"PromptExecutor allows execution with valid inputs","status":"skipped","title":"allows execution with valid inputs","failureMessages":[],"meta":{}},{"ancestorTitles":["PromptExecutor"],"fullName":"PromptExecutor shows execution settings panel","status":"skipped","title":"shows execution settings panel","failureMessages":[],"meta":{}},{"ancestorTitles":["PromptExecutor"],"fullName":"PromptExecutor allows enabling RAG and shows document selection","status":"skipped","title":"allows enabling RAG and shows document selection","failureMessages":[],"meta":{}},{"ancestorTitles":["PromptExecutor"],"fullName":"PromptExecutor handles execution errors gracefully","status":"skipped","title":"handles execution errors gracefully","failureMessages":[],"meta":{}},{"ancestorTitles":["PromptExecutor"],"fullName":"PromptExecutor tests OpenRouter connection","status":"skipped","title":"tests OpenRouter connection","failureMessages":[],"meta":{}},{"ancestorTitles":["PromptExecutor"],"fullName":"PromptExecutor shows execution results with metadata","status":"skipped","title":"shows execution results with metadata","failureMessages":[],"meta":{}},{"ancestorTitles":["PromptExecutor"],"fullName":"PromptExecutor requires authentication","status":"skipped","title":"requires authentication","failureMessages":[],"meta":{}},{"ancestorTitles":["PromptExecutor streaming UI"],"fullName":"PromptExecutor streaming UI shows streaming panel and status while streaming","status":"passed","title":"shows streaming panel and status while streaming","duration":116.4662000000244,"failureMessages":[],"meta":{}},{"ancestorTitles":["PromptExecutor streaming UI"],"fullName":"PromptExecutor streaming UI shows replay toggle after stream completes","status":"passed","title":"shows replay toggle after stream completes","duration":264.14769999997225,"failureMessages":[],"meta":{}}],"startTime":1761486572254,"endTime":1761486572635.1477,"status":"passed","message":"","name":"D:/react/React-App-000739/Prompt-Library/frontend/src/components/execution/__tests__/PromptExecutor.test.tsx"},{"assertionResults":[{"ancestorTitles":["RAGContextPreview","Loading State"],"fullName":"RAGContextPreview Loading State should display loading state when isLoading is true","status":"passed","title":"should display loading state when isLoading is true","duration":80.15729999999166,"failureMessages":[],"meta":{}},{"ancestorTitles":["RAGContextPreview","Empty State"],"fullName":"RAGContextPreview Empty State should display empty state when context is null","status":"passed","title":"should display empty state when context is null","duration":103.02900000000955,"failureMessages":[],"meta":{}},{"ancestorTitles":["RAGContextPreview","Empty State"],"fullName":"RAGContextPreview Empty State should display empty state when chunks array is empty","status":"passed","title":"should display empty state when chunks array is empty","duration":75.53669999999693,"failureMessages":[],"meta":{}},{"ancestorTitles":["RAGContextPreview","Context Quality Summary"],"fullName":"RAGContextPreview Context Quality Summary should display correct aggregate metrics","status":"passed","title":"should display correct aggregate metrics","duration":353.9247000000032,"failureMessages":[],"meta":{}},{"ancestorTitles":["RAGContextPreview","Context Quality Summary"],"fullName":"RAGContextPreview Context Quality Summary should display quality indicator based on average relevance","status":"passed","title":"should display quality indicator based on average relevance","duration":252.3862000000081,"failureMessages":[],"meta":{}},{"ancestorTitles":["RAGContextPreview","Context Quality Summary"],"fullName":"RAGContextPreview Context Quality Summary should display retrieval time","status":"passed","title":"should display retrieval time","duration":199.7999000000127,"failureMessages":[],"meta":{}},{"ancestorTitles":["RAGContextPreview","Chunk Display"],"fullName":"RAGContextPreview Chunk Display should render all chunks when count is less than maxChunksToShow","status":"passed","title":"should render all chunks when count is less than maxChunksToShow","duration":351.68859999999404,"failureMessages":[],"meta":{}},{"ancestorTitles":["RAGContextPreview","Chunk Display"],"fullName":"RAGContextPreview Chunk Display should limit chunks display to maxChunksToShow","status":"passed","title":"should limit chunks display to maxChunksToShow","duration":229.92360000000917,"failureMessages":[],"meta":{}},{"ancestorTitles":["RAGContextPreview","Chunk Display"],"fullName":"RAGContextPreview Chunk Display should display \"Show All\" button when chunks exceed maxChunksToShow","status":"passed","title":"should display \"Show All\" button when chunks exceed maxChunksToShow","duration":149.64620000001742,"failureMessages":[],"meta":{}},{"ancestorTitles":["RAGContextPreview","Chunk Display"],"fullName":"RAGContextPreview Chunk Display should expand all chunks when \"Show All\" is clicked","status":"passed","title":"should expand all chunks when \"Show All\" is clicked","duration":248.5555999999924,"failureMessages":[],"meta":{}},{"ancestorTitles":["RAGContextPreview","Chunk Card"],"fullName":"RAGContextPreview Chunk Card should display chunk rank and relevance score","status":"passed","title":"should display chunk rank and relevance score","duration":138.92280000000028,"failureMessages":[],"meta":{}},{"ancestorTitles":["RAGContextPreview","Chunk Card"],"fullName":"RAGContextPreview Chunk Card should display chunk metadata (filename, page, section)","status":"passed","title":"should display chunk metadata (filename, page, section)","duration":129.57180000000517,"failureMessages":[],"meta":{}},{"ancestorTitles":["RAGContextPreview","Chunk Card"],"fullName":"RAGContextPreview Chunk Card should display token count","status":"passed","title":"should display token count","duration":103.03839999999036,"failureMessages":[],"meta":{}},{"ancestorTitles":["RAGContextPreview","Chunk Card"],"fullName":"RAGContextPreview Chunk Card should display context type badge","status":"passed","title":"should display context type badge","duration":90.56489999999758,"failureMessages":[],"meta":{}},{"ancestorTitles":["RAGContextPreview","Chunk Expansion"],"fullName":"RAGContextPreview Chunk Expansion should expand chunk content when toggle button is clicked","status":"passed","title":"should expand chunk content when toggle button is clicked","duration":167.83099999997648,"failureMessages":[],"meta":{}},{"ancestorTitles":["RAGContextPreview","Chunk Expansion"],"fullName":"RAGContextPreview Chunk Expansion should collapse chunk when toggle button is clicked again","status":"passed","title":"should collapse chunk when toggle button is clicked again","duration":252.18780000001425,"failureMessages":[],"meta":{}},{"ancestorTitles":["RAGContextPreview","Chunk Click Handler"],"fullName":"RAGContextPreview Chunk Click Handler should call onChunkClick when \"View Source Document\" is clicked","status":"passed","title":"should call onChunkClick when \"View Source Document\" is clicked","duration":498.69999999998254,"failureMessages":[],"meta":{}},{"ancestorTitles":["RAGContextPreview","Relevance Score Colors"],"fullName":"RAGContextPreview Relevance Score Colors should apply correct color class for high relevance (>= 0.8)","status":"passed","title":"should apply correct color class for high relevance (>= 0.8)","duration":181.90260000000126,"failureMessages":[],"meta":{}},{"ancestorTitles":["RAGContextPreview","Relevance Score Colors"],"fullName":"RAGContextPreview Relevance Score Colors should apply correct color class for medium relevance (0.6-0.8)","status":"passed","title":"should apply correct color class for medium relevance (0.6-0.8)","duration":181.7259999999951,"failureMessages":[],"meta":{}},{"ancestorTitles":["RAGContextPreview","Relevance Score Colors"],"fullName":"RAGContextPreview Relevance Score Colors should apply correct color class for low relevance (< 0.6)","status":"passed","title":"should apply correct color class for low relevance (< 0.6)","duration":122.19490000000224,"failureMessages":[],"meta":{}},{"ancestorTitles":["RAGContextPreview","Edge Cases"],"fullName":"RAGContextPreview Edge Cases should handle single chunk correctly","status":"passed","title":"should handle single chunk correctly","duration":79.99360000001616,"failureMessages":[],"meta":{}},{"ancestorTitles":["RAGContextPreview","Edge Cases"],"fullName":"RAGContextPreview Edge Cases should handle chunks without optional metadata","status":"passed","title":"should handle chunks without optional metadata","duration":102.12160000001313,"failureMessages":[],"meta":{}},{"ancestorTitles":["RAGContextPreview","Edge Cases"],"fullName":"RAGContextPreview Edge Cases should handle very long chunk content with line-clamp","status":"passed","title":"should handle very long chunk content with line-clamp","duration":113.85640000001877,"failureMessages":[],"meta":{}}],"startTime":1761486460960,"endTime":1761486465170.8564,"status":"passed","message":"","name":"D:/react/React-App-000739/Prompt-Library/frontend/src/components/execution/__tests__/RAGContextPreview.test.tsx"},{"assertionResults":[{"ancestorTitles":["ResponseTime"],"fullName":"ResponseTime renders response time display","status":"passed","title":"renders response time display","duration":121.48979999998119,"failureMessages":[],"meta":{}},{"ancestorTitles":["ResponseTime"],"fullName":"ResponseTime displays formatted duration","status":"passed","title":"displays formatted duration","duration":81.87209999997867,"failureMessages":[],"meta":{}},{"ancestorTitles":["ResponseTime"],"fullName":"ResponseTime shows \"Instant\" performance for <1s","status":"passed","title":"shows \"Instant\" performance for <1s","duration":137.44589999999152,"failureMessages":[],"meta":{}},{"ancestorTitles":["ResponseTime"],"fullName":"ResponseTime shows \"Fast\" performance for 1-3s","status":"passed","title":"shows \"Fast\" performance for 1-3s","duration":79.55080000002636,"failureMessages":[],"meta":{}},{"ancestorTitles":["ResponseTime"],"fullName":"ResponseTime shows \"Normal\" performance for 3-10s","status":"passed","title":"shows \"Normal\" performance for 3-10s","duration":85.49339999997756,"failureMessages":[],"meta":{}},{"ancestorTitles":["ResponseTime"],"fullName":"ResponseTime shows \"Slow\" performance for 10-30s","status":"passed","title":"shows \"Slow\" performance for 10-30s","duration":90.66110000002664,"failureMessages":[],"meta":{}},{"ancestorTitles":["ResponseTime"],"fullName":"ResponseTime shows \"Very Slow\" performance for >30s","status":"passed","title":"shows \"Very Slow\" performance for >30s","duration":109.36729999998352,"failureMessages":[],"meta":{}},{"ancestorTitles":["ResponseTime"],"fullName":"ResponseTime hides performance indicator when showPerformanceIndicator is false","status":"passed","title":"hides performance indicator when showPerformanceIndicator is false","duration":85.32909999997355,"failureMessages":[],"meta":{}},{"ancestorTitles":["ResponseTime"],"fullName":"ResponseTime shows time breakdown when showBreakdown is true","status":"passed","title":"shows time breakdown when showBreakdown is true","duration":155.01010000001406,"failureMessages":[],"meta":{}},{"ancestorTitles":["ResponseTime"],"fullName":"ResponseTime calculates queue and processing time when not provided","status":"passed","title":"calculates queue and processing time when not provided","duration":93.77700000000186,"failureMessages":[],"meta":{}},{"ancestorTitles":["ResponseTime"],"fullName":"ResponseTime displays model information when provided","status":"passed","title":"displays model information when provided","duration":126.38730000000214,"failureMessages":[],"meta":{}},{"ancestorTitles":["ResponseTime"],"fullName":"ResponseTime shows performance tip for slow responses (>10s)","status":"passed","title":"shows performance tip for slow responses (>10s)","duration":142.77079999999842,"failureMessages":[],"meta":{}},{"ancestorTitles":["ResponseTime"],"fullName":"ResponseTime shows specific tip for very slow responses (>30s)","status":"passed","title":"shows specific tip for very slow responses (>30s)","duration":93.86149999999907,"failureMessages":[],"meta":{}},{"ancestorTitles":["ResponseTime"],"fullName":"ResponseTime does not show performance tip for fast responses","status":"passed","title":"does not show performance tip for fast responses","duration":62.69880000001285,"failureMessages":[],"meta":{}},{"ancestorTitles":["ResponseTime"],"fullName":"ResponseTime displays queue time percentage in breakdown","status":"passed","title":"displays queue time perce
[...]
assed","title":"renders empty editor for new prompt","duration":280.3310000000056,"failureMessages":[],"meta":{}},{"ancestorTitles":["PromptEditor"],"fullName":"PromptEditor allows adding and removing tags","status":"passed","title":"allows adding and removing tags","duration":567.8050999999978,"failureMessages":[],"meta":{}},{"ancestorTitles":["PromptEditor"],"fullName":"PromptEditor toggles preview mode","status":"passed","title":"toggles preview mode","duration":420.59560000000056,"failureMessages":[],"meta":{}},{"ancestorTitles":["PromptEditor"],"fullName":"PromptEditor calls onSave when save button is clicked","status":"passed","title":"calls onSave when save button is clicked","duration":448.4620999999461,"failureMessages":[],"meta":{}},{"ancestorTitles":["PromptEditor"],"fullName":"PromptEditor manages variables correctly","status":"passed","title":"manages variables correctly","duration":422.41150000004563,"failureMessages":[],"meta":{}}],"startTime":1761486559026,"endTime":1761486561476.4116,"status":"passed","message":"","name":"D:/react/React-App-000739/Prompt-Library/frontend/src/components/prompts/__tests__/PromptEditor.test.tsx"},{"assertionResults":[{"ancestorTitles":["PromptForm"],"fullName":"PromptForm renders empty form for new prompt","status":"passed","title":"renders empty form for new prompt","duration":183.6032000000123,"failureMessages":[],"meta":{}},{"ancestorTitles":["PromptForm"],"fullName":"PromptForm renders form with existing prompt data","status":"passed","title":"renders form with existing prompt data","duration":235.88749999998254,"failureMessages":[],"meta":{}},{"ancestorTitles":["PromptForm"],"fullName":"PromptForm validates required fields","status":"passed","title":"validates required fields","duration":166.47320000000764,"failureMessages":[],"meta":{}},{"ancestorTitles":["PromptForm"],"fullName":"PromptForm detects variables in prompt content","status":"passed","title":"detects variables in prompt content","duration":477.5954999999958,"failureMessages":[],"meta":{}},{"ancestorTitles":["PromptForm"],"fullName":"PromptForm allows editing variable properties","status":"passed","title":"allows editing variable properties","duration":692.2638999999908,"failureMessages":[],"meta":{}},{"ancestorTitles":["PromptForm"],"fullName":"PromptForm handles tag input","status":"passed","title":"handles tag input","duration":229.35229999999865,"failureMessages":[],"meta":{}},{"ancestorTitles":["PromptForm"],"fullName":"PromptForm saves prompt with valid data","status":"passed","title":"saves prompt with valid data","duration":724.8887000000104,"failureMessages":[],"meta":{}},{"ancestorTitles":["PromptForm"],"fullName":"PromptForm calls onCancel when cancel button is clicked","status":"passed","title":"calls onCancel when cancel button is clicked","duration":281.89890000000014,"failureMessages":[],"meta":{}},{"ancestorTitles":["PromptForm"],"fullName":"PromptForm updates existing prompt","status":"passed","title":"updates existing prompt","duration":897.9794999999867,"failureMessages":[],"meta":{}},{"ancestorTitles":["PromptForm"],"fullName":"PromptForm handles variable type changes","status":"passed","title":"handles variable type changes","duration":543.0714000000153,"failureMessages":[],"meta":{}},{"ancestorTitles":["PromptForm"],"fullName":"PromptForm handles variable required toggle","status":"passed","title":"handles variable required toggle","duration":1228.1542999999947,"failureMessages":[],"meta":{}},{"ancestorTitles":["PromptForm"],"fullName":"PromptForm shows loading state during save","status":"passed","title":"shows loading state during save","duration":492.4672000000137,"failureMessages":[],"meta":{}},{"ancestorTitles":["PromptForm"],"fullName":"PromptForm handles empty tags gracefully","status":"passed","title":"handles empty tags gracefully","duration":1204.0016999999934,"failureMessages":[],"meta":{}}],"startTime":1761486471485,"endTime":1761486478844.0017,"status":"passed","message":"","name":"D:/react/React-App-000739/Prompt-Library/frontend/src/components/prompts/__tests__/PromptForm.test.tsx"},{"assertionResults":[{"ancestorTitles":["PromptGenerationWizard","Basic Info Step"],"fullName":"PromptGenerationWizard Basic Info Step should render the basic info step initially","status":"passed","title":"should render the basic info step initially","duration":3851.024300000001,"failureMessages":[],"meta":{}},{"ancestorTitles":["PromptGenerationWizard","Basic Info Step"],"fullName":"PromptGenerationWizard Basic Info Step should show validation errors for required fields","status":"passed","title":"should show validation errors for required fields","duration":1493.1762999999992,"failureMessages":[],"meta":{}},{"ancestorTitles":["PromptGenerationWizard","Basic Info Step"],"fullName":"PromptGenerationWizard Basic Info Step should proceed to next step when valid data is entered","status":"passed","title":"should proceed to next step when valid data is entered","duration":4071.044600000001,"failureMessages":[],"meta":{}},{"ancestorTitles":["PromptGenerationWizard","Basic Info Step"],"fullName":"PromptGenerationWizard Basic Info Step should call onCancel when cancel button is clicked","status":"passed","title":"should call onCancel when cancel button is clicked","duration":178.3161,"failureMessages":[],"meta":{}},{"ancestorTitles":["PromptGenerationWizard","Variables Step"],"fullName":"PromptGenerationWizard Variables Step should show empty state when no variables are defined","status":"passed","title":"should show empty state when no variables are defined","duration":1099.7683000000034,"failureMessages":[],"meta":{}},{"ancestorTitles":["PromptGenerationWizard","Variables Step"],"fullName":"PromptGenerationWizard Variables Step should add a new variable when Add Variable button is clicked","status":"passed","title":"should add a new variable when Add Variable button is clicked","duration":1037.8632999999973,"failureMessages":[],"meta":{}},{"ancestorTitles":["PromptGenerationWizard","Variables Step"],"fullName":"PromptGenerationWizard Variables Step should remove a variable when delete button is clicked","status":"passed","title":"should remove a variable when delete button is clicked","duration":1063.8023999999969,"failureMessages":[],"meta":{}},{"ancestorTitles":["PromptGenerationWizard","Variables Step"],"fullName":"PromptGenerationWizard Variables Step should update variable properties","status":"passed","title":"should update variable properties","duration":4329.424600000002,"failureMessages":[],"meta":{}},{"ancestorTitles":["PromptGenerationWizard","Preferences Step"],"fullName":"PromptGenerationWizard Preferences Step should render preferences options","status":"passed","title":"should render preferences options","duration":3035.2638000000006,"failureMessages":[],"meta":{}},{"ancestorTitles":["PromptGenerationWizard","Preferences Step"],"fullName":"PromptGenerationWizard Preferences Step should select output format","status":"passed","title":"should select output format","duration":5280.274400000002,"failureMessages":[],"meta":{}},{"ancestorTitles":["PromptGenerationWizard","Preferences Step"],"fullName":"PromptGenerationWizard Preferences Step should select tone","status":"passed","title":"should select tone","duration":5567.755699999994,"failureMessages":[],"meta":{}},{"ancestorTitles":["PromptGenerationWizard","Preferences Step"],"fullName":"PromptGenerationWizard Preferences Step should toggle RAG support","status":"passed","title":"should toggle RAG support","duration":2289.6178999999975,"failureMessages":[],"meta":{}},{"ancestorTitles":["PromptGenerationWizard","Review Step"],"fullName":"PromptGenerationWizard Review Step should display review information","status":"passed","title":"should display review information","duration":5283.560000000005,"failureMessages":[],"meta":{}},{"ancestorTitles":["PromptGenerationWizard","Review Step"],"fullName":"PromptGenerationWizard Review Step should show generate button on review step","status":"passed","title":"should show generate button on review step","duration":4651.072899999999,"failureMessages":[],"meta":{}},{"ancestorTitles":["PromptGenerationWizard","Review Step"],"fullName":"PromptGenerationWizard Review Step should call onGenerate with correct data when generate button is clicked","status":"passed","title":"should call onGenerate with correct data when generate button is clicked","duration":6104.854900000006,"failureMessages":[],"meta":{}},{"ancestorTitles":["PromptGenerationWizard","Navigation"],"fullName":"PromptGenerationWizard Navigation should navigate back to previous step","status":"passed","title":"should navigate back to previous step","duration":2362.8882000000012,"failureMessages":[],"meta":{}},{"ancestorTitles":["PromptGenerationWizard","Navigation"],"fullName":"PromptGenerationWizard Navigation should show loading state when generating","status":"passed","title":"should show loading state when generating","duration":5573.514200000005,"failureMessages":[],"meta":{}},{"ancestorTitles":["PromptGenerationWizard","Step Indicator"],"fullName":"PromptGenerationWizard Step Indicator should show current step as active","status":"passed","title":"should show current step as active","duration":969.0209000000032,"failureMessages":[],"meta":{}},{"ancestorTitles":["PromptGenerationWizard","Form Validation"],"fullName":"PromptGenerationWizard Form Validation should prevent navigation with invalid data","status":"passed","title":"should prevent navigation with invalid data","duration":454.60980000000563,"failureMessages":[],"meta":{}},{"ancestorTitles":["PromptGenerationWizard","Form Validation"],"fullName":"PromptGenerationWizard Form Validation should validate variable names","status":"passed","title":"should validate variable names","duration":2136.967699999994,"failureMessages":[],"meta":{}}],"startTime":1761486245617,"endTime":1761486306456.9678,"status":"passed","message":"","name":"D:/react/React-App-000739/Prompt-Library/frontend/src/components/prompts/__tests__/PromptGenerationWizard.test.tsx"},{"assertionResults":[{"ancestorTitles":["WorkspaceSelector"],"fullName":"WorkspaceSelector renders without crashing","status":"passed","title":"renders without crashing","duration":48.50239999999758,"failureMessages":[],"meta":{}}],"startTime":1761486577681,"endTime":1761486577729.5024,"status":"passed","message":"","name":"D:/react/React-App-000739/Prompt-Library/frontend/src/components/workspaces/__tests__/WorkspaceSelector.test.tsx"},{"assertionResults":[{"ancestorTitles":["SmartAssistantDemo"],"fullName":"SmartAssistantDemo renders the demo component with scenarios","status":"passed","title":"renders the demo component with scenarios","duration":85.02549999998882,"failureMessages":[],"meta":{}},{"ancestorTitles":["SmartAssistantDemo"],"fullName":"SmartAssistantDemo allows switching between scenarios","status":"passed","title":"allows switching between scenarios","duration":118.0738999999594,"failureMessages":[],"meta":{}},{"ancestorTitles":["SmartAssistantDemo"],"fullName":"SmartAssistantDemo starts demo when Start Demo button is clicked","status":"passed","title":"starts demo when Start Demo button is clicked","duration":109.17269999999553,"failureMessages":[],"meta":{}},{"ancestorTitles":["SmartAssistantDemo"],"fullName":"SmartAssistantDemo displays demo statistics","status":"passed","title":"displays demo statistics","duration":111.81069999997271,"failureMessages":[],"meta":{}},{"ancestorTitles":["SmartAssistantDemo"],"fullName":"SmartAssistantDemo resets demo when reset button is clicked","status":"passed","title":"resets demo when reset button is clicked","duration":229.75760000001173,"failureMessages":[],"meta":{}}],"startTime":1761486566101,"endTime":1761486566755.7576,"status":"passed","message":"","name":"D:/react/React-App-000739/Prompt-Library/frontend/src/components/marketing/interactive/__tests__/SmartAssistantDemo.test.tsx"},{"assertionResults":[{"ancestorTitles":["FeaturedServiceCard"],"fullName":"FeaturedServiceCard renders the component with all required props","status":"passed","title":"renders the component with all required props","duration":114.89520000002813,"failureMessages":[],"meta":{}},{"ancestorTitles":["FeaturedServiceCard"],"fullName":"FeaturedServiceCard displays all benefits with checkmarks","status":"passed","title":"displays all benefits with checkmarks","duration":113.1146000000299,"failureMessages":[],"meta":{}},{"ancestorTitles":["FeaturedServiceCard"],"fullName":"FeaturedServiceCard displays all statistics correctly","status":"passed","title":"displays all statistics correctly","duration":153.2947999999742,"failureMessages":[],"meta":{}},{"ancestorTitles":["FeaturedServiceCard"],"fullName":"FeaturedServiceCard displays pricing information correctly","status":"passed","title":"displays pricing information correctly","duration":129.32149999996182,"failureMessages":[],"meta":{}},{"ancestorTitles":["FeaturedServiceCard"],"fullName":"FeaturedServiceCard displays default badge when no badge prop provided","status":"passed","title":"displays default badge when no badge prop provided","duration":122.49339999997756,"failureMessages":[],"meta":{}},{"ancestorTitles":["FeaturedServiceCard"],"fullName":"FeaturedServiceCard displays custom badge when provided","status":"passed","title":"displays custom badge when provided","duration":76.2159999999567,"failureMessages":[],"meta":{}},{"ancestorTitles":["FeaturedServiceCard"],"fullName":"FeaturedServiceCard renders image when imageSrc is provided","status":"passed","title":"renders image when imageSrc is provided","duration":154.75829999998678,"failureMessages":[],"meta":{}},{"ancestorTitles":["FeaturedServiceCard"],"fullName":"FeaturedServiceCard does not render image section when imageSrc is not provided","status":"passed","title":"does not render image section when imageSrc is not provided","duration":125.09830000001239,"failureMessages":[],"meta":{}},{"ancestorTitles":["FeaturedServiceCard"],"fullName":"FeaturedServiceCard CTA link has correct href","status":"passed","title":"CTA link has correct href","duration":202.88750000001164,"failureMessages":[],"meta":{}},{"ancestorTitles":["FeaturedServiceCard"],"fullName":"FeaturedServiceCard applies custom className when provided","status":"passed","title":"applies custom className when provided","duration":145.5625,"failureMessages":[],"meta":{}},{"ancestorTitles":["FeaturedServiceCard"],"fullName":"FeaturedServiceCard uses default currency when not provided","status":"passed","title":"uses default currency when not provided","duration":144.25210000004154,"failureMessages":[],"meta":{}},{"ancestorTitles":["FeaturedServiceCard"],"fullName":"FeaturedServiceCard uses custom currency when provided","status":"passed","title":"uses custom currency when provided","duration":164.18640000000596,"failureMessages":[],"meta":{}},{"ancestorTitles":["FeaturedServiceCard"],"fullName":"FeaturedServiceCard renders stats with icons when provided","status":"passed","title":"renders stats with icons when provided","duration":115.63500000000931,"failureMessages":[],"meta":{}},{"ancestorTitles":["FeaturedServiceCard"],"fullName":"FeaturedServiceCard is accessible with proper ARIA attributes","status":"passed","title":"is accessible with proper ARIA attributes","duration":183.33370000001742,"failureMessages":[],"meta":{}}],"startTime":1761486563644,"endTime":1761486565589.3337,"status":"passed","message":"","name":"D:/react/React-App-000739/Prompt-Library/frontend/src/components/marketing/ui/__tests__/featured-service-card.test.tsx"},{"assertionResults":[{"ancestorTitles":["DashboardChatPanel","Rendering"],"fullName":"DashboardChatPanel Rendering should render the panel","status":"passed","title":"should render the panel","duration":224.76909999997588,"failureMessages":[],"meta":{}},{"ancestorTitles":["DashboardChatPanel","Rendering"],"fullName":"DashboardChatPanel Rendering should render Moleicon","status":"passed","title":"should render Moleicon","duration":120.38610000000335,"failureMessages":[],"meta":{}},{"ancestorTitles":["DashboardChatPanel","Rendering"],"fullName":"DashboardChatPanel Rendering should show empty state when no messages","status":"passed","title":"should show empty state when no messages","duration":316.5127999999677,"failureMessages":[],"meta":{}},{"ancestorTitles":["DashboardChatPanel","Rendering"],"fullName":"DashboardChatPanel Rendering should render quick action buttons","status":"passed","title":"should render quick action buttons","duration":223.70470000000205,"failureMessages":[],"meta":{}},{"ancestorTitles":["DashboardChatPanel","Message Display"],"fullName":"DashboardChatPanel Message Display should display messages","status":"passed","title":"should display messages","duration":194.00050000002375,"failureMessages":[],"meta":{}},{"ancestorTitles":["DashboardChatPanel","Message Display"],"fullName":"DashboardChatPanel Message Display should show tool execution indicators","status":"passed","title":"should show tool execution indicators","duration":165.22500000003492,"failureMessages":[],"meta":{}},{"ancestorTitles":["DashboardChatPanel","Message Display"],"fullName":"DashboardChatPanel Message Display should show loading indicator","status":"passed","title":"should show loading indicator","duration":273.5669999999809,"failureMessages":[],"meta":{}},{"ancestorTitles":["DashboardChatPanel","Message Display"],"fullName":"DashboardChatPanel Message Display should show error message","status":"passed","title":"should show error message","duration":241.66809999995166,"failureMessages":[],"meta":{}},{"ancestorTitles":["DashboardChatPanel","Message Display"],"fullName":"DashboardChatPanel Message Display should show rate limit message","status":"passed","title":"should show rate limit message","duration":201.0189000000246,"failureMessages":[],"meta":{}},{"ancestorTitles":["DashboardChatPanel","User Interactions"],"fullName":"DashboardChatPanel User Interactions should send message on button click","status":"passed","title":"should send message on button click","duration":701.944199999969,"failureMessages":[],"meta":{}},{"ancestorTitles":["DashboardChatPanel","User Interactions"],"fullName":"DashboardChatPanel User Interactions should send message on Enter key","status":"passed","title":"should send message on Enter key","duration":1465.0233000000007,"failureMessages":[],"meta":{}},{"ancestorTitles":["DashboardChatPanel","User Interactions"],"fullName":"DashboardChatPanel User Interactions should not send empty messages","status":"passed","title":"should not send empty messages","duration":1472.2546999999904,"failureMessages":[],"meta":{}},{"ancestorTitles":["DashboardChatPanel","User Interactions"],"fullName":"DashboardChatPanel User Interactions should populate input with quick action prompt","status":"passed","title":"should populate input with quick action prompt","duration":923.1049999999814,"failureMessages":[],"meta":{}},{"ancestorTitles":["DashboardChatPanel","Accessibility"],"fullName":"DashboardChatPanel Accessibility should have proper ARIA labels","status":"passed","title":"should have proper ARIA labels","duration":1251.5803000000305,"failureMessages":[],"meta":{}},{"ancestorTitles":["DashboardChatPanel","Accessibility"],"fullName":"DashboardChatPanel Accessibility should disable input when loading","status":"passed","title":"should disable input when loading","duration":1731.2996000000276,"failureMessages":[],"meta":{}},{"ancestorTitles":["DashboardChatPanel","Accessibility"],"fullName":"DashboardChatPanel Accessibility should disable input when rate limited","status":"passed","title":"should disable input when rate limited","duration":1247.237199999974,"failureMessages":[],"meta":{}}],"startTime":1761486526516,"endTime":1761486537277.2373,"status":"passed","message":"","name":"D:/react/React-App-000739/Prompt-Library/frontend/src/components/layout/panels/__tests__/DashboardChatPanel.test.tsx"}]}